2021-02-28 22:09:47,607 [/home/lpy/template/main.py line:35] rank:0 INFO: cfg_file: Unet3D.yaml
2021-02-28 22:09:47,613 [/home/lpy/template/main.py line:54] rank:0 INFO: Running with config:

  net_name: Unet3d,
  train_dir: /home/data/LiTS/fixed_data/,
  train_list: /home/xzy/projects/BrainSeg/datatxt/LitsSeg_train.txt,
  test_dir: /home/data/LiTS/fixed_data/,
  test_list: /home/xzy/projects/BrainSeg/datatxt/LitsSeg_test.txt,
  depth: 24,
  pretrain_model: /home/xzy/projects/BrainSeg/checkpoints/BrainSeg/Unet3D/epoch_85_model_final.pth,
  resume_model: /home/xzy/projects/BrainSeg/checkpoints/BrainSeg/Unet3D/epoch_85_model_final.pth,
  input_height: 256,
  input_width: 256,
  train_epoch: 100,
  save_every_epoch: 5,
  batch_size: 1,
  print_freq: 100,
  last_iter: -1,
  augment: true,
  sync: true,
  train_output_directory: checkpoints/LitsSeg/Unet3D,
  log_directory: logs/Unet3D,
  savedir: checkpoints/save,
  caffe_dir: checkpoints/caffe_model/LitsSeg,
  onnx_dir: checkpoints/onnx_model/LitsSeg,
  bn: sync,
  model: 
    in_channels: 1,
    out_channels: 2
  ,
  optimizer: 
    type: adam
  ,
  lr_scheduler: 
    base_lr: 0.001,
    type: STEP,
    gamma: 0.1,
    verbose: false,
    step_size: 60,
    last_epoch: -1
  ,
  loss: 
    type: bcel
  ,
  manualSeed: 4153,
  evaluate: false,
  tocaffe: false,
  toonnx: false,
  rank: 0,
  world_size: 1,
  stride: 64
2021-02-28 22:09:51,544 [/home/lpy/template/dltrainer_lit.py line:79] rank:0 INFO: not install apex. thus no sync bn
2021-02-28 22:09:51,650 [/home/lpy/template/dltrainer_lit.py line:97] rank:0 ERROR: Can not find the specific model /home/xzy/projects/BrainSeg/checkpoints/BrainSeg/Unet3D/epoch_85_model_final.pth, initial a new model...
2021-02-28 22:09:51,650 [/home/lpy/template/dltrainer_lit.py line:100] rank:0 INFO: Build model done.
2021-02-28 22:09:51,651 [/home/lpy/template/dltrainer_lit.py line:150] rank:0 INFO: Total net parameters are 19.0M, and weight file size is 72MB
2021-02-28 22:09:51,652 [/home/lpy/template/dltrainer_lit.py line:45] rank:0 INFO: train with 110 pair images
2021-02-28 22:09:51,652 [/home/lpy/template/dltrainer_lit.py line:66] rank:0 INFO: test with 21 pair images
2021-02-28 22:09:51,653 [/home/lpy/template/dltrainer_lit.py line:67] rank:0 INFO: Build dataset done.
2021-02-28 22:09:51,654 [/home/lpy/template/main.py line:65] rank:0 INFO: This is for traininig!!
